<?xml version="1.0" encoding="UTF-8"?>
<!-- Generated by org.testng.reporters.JUnitReportReporter -->
<testsuite hostname="sampritis-MacBook-Pro.local" failures="0" tests="2" name="cucumberOptions.TestNGTestRunner" time="2205.788" errors="0" timestamp="2024-02-08T09:02:32 IST" skipped="0">
  <testcase classname="cucumberOptions.TestNGTestRunner" name="runScenario" time="1102.495"/>
  <testcase classname="cucumberOptions.TestNGTestRunner" name="runScenario" time="1103.293"/>
</testsuite> <!-- cucumberOptions.TestNGTestRunner -->
